{
  "stats": {
    "suites": 5,
    "tests": 23,
    "passes": 20,
    "pending": 0,
    "failures": 3,
    "start": "2021-12-16T13:55:39.230Z",
    "end": "2021-12-17T10:32:56.982Z",
    "duration": 274383,
    "testsRegistered": 23,
    "passPercent": 86.95652173913044,
    "pendingPercent": 0,
    "other": 0,
    "hasOther": false,
    "skipped": 0,
    "hasSkipped": false
  },
  "results": [
    {
      "uuid": "442f8282-06d2-4451-a05b-4f6108954b87",
      "title": "",
      "fullFile": "cypress/integration/Testcases/TC01_HomePage.spec.js",
      "file": "cypress/integration/Testcases/TC01_HomePage.spec.js",
      "beforeHooks": [],
      "afterHooks": [],
      "tests": [],
      "suites": [
        {
          "uuid": "693fcc9c-c82d-4e11-8f36-d05b8d831be9",
          "title": "Homepage_Testcases",
          "fullFile": "",
          "file": "",
          "beforeHooks": [],
          "afterHooks": [],
          "tests": [
            {
              "title": "Navigate to URL - Load HomePage",
              "fullTitle": "Homepage_Testcases Navigate to URL - Load HomePage",
              "timedOut": null,
              "duration": 11900,
              "state": "passed",
              "speed": "slow",
              "pass": true,
              "fail": false,
              "pending": false,
              "context": null,
              "code": "hpa.navigateToURL();",
              "err": {},
              "uuid": "b736895e-f7ff-46a0-af73-26cb6c2aa64c",
              "parentUUID": "693fcc9c-c82d-4e11-8f36-d05b8d831be9",
              "isHook": false,
              "skipped": false
            },
            {
              "title": "Validate Page Title must be Amazon",
              "fullTitle": "Homepage_Testcases Validate Page Title must be Amazon",
              "timedOut": null,
              "duration": 4238,
              "state": "passed",
              "speed": "fast",
              "pass": true,
              "fail": false,
              "pending": false,
              "context": null,
              "code": "hpa.validateTitle().should('include', 'Amazon');",
              "err": {},
              "uuid": "a711b6f7-266a-414d-8532-32f25ab274fe",
              "parentUUID": "693fcc9c-c82d-4e11-8f36-d05b8d831be9",
              "isHook": false,
              "skipped": false
            },
            {
              "title": "Search - item",
              "fullTitle": "Homepage_Testcases Search - item",
              "timedOut": null,
              "duration": 14860,
              "state": "passed",
              "speed": "slow",
              "pass": true,
              "fail": false,
              "pending": false,
              "context": null,
              "code": "hpa.search(data.searchshoes);",
              "err": {},
              "uuid": "7868817e-2f23-4a48-a12e-3cd0f1f94c4c",
              "parentUUID": "693fcc9c-c82d-4e11-8f36-d05b8d831be9",
              "isHook": false,
              "skipped": false
            }
          ],
          "suites": [],
          "passes": [
            "b736895e-f7ff-46a0-af73-26cb6c2aa64c",
            "a711b6f7-266a-414d-8532-32f25ab274fe",
            "7868817e-2f23-4a48-a12e-3cd0f1f94c4c"
          ],
          "failures": [],
          "pending": [],
          "skipped": [],
          "duration": 30998,
          "root": false,
          "rootEmpty": false,
          "_timeout": 2000
        }
      ],
      "passes": [],
      "failures": [],
      "pending": [],
      "skipped": [],
      "duration": 0,
      "root": true,
      "rootEmpty": true,
      "_timeout": 2000
    },
    {
      "uuid": "6af07d4f-3d0d-416d-bf6f-3061eec0282d",
      "title": "",
      "fullFile": "cypress/integration/Testcases/TC02_SearchPage.spec.js",
      "file": "cypress/integration/Testcases/TC02_SearchPage.spec.js",
      "beforeHooks": [],
      "afterHooks": [],
      "tests": [],
      "suites": [
        {
          "uuid": "d7d929da-49f0-438a-be0f-1c8fd0adc953",
          "title": "Homepage_Testcases",
          "fullFile": "",
          "file": "",
          "beforeHooks": [],
          "afterHooks": [],
          "tests": [
            {
              "title": "Navigate to URL - Load HomePage",
              "fullTitle": "Homepage_Testcases Navigate to URL - Load HomePage",
              "timedOut": null,
              "duration": 7912,
              "state": "passed",
              "speed": "medium",
              "pass": true,
              "fail": false,
              "pending": false,
              "context": null,
              "code": "hpa.navigateToURL();",
              "err": {},
              "uuid": "ef989dac-fca9-4f54-833d-9f84d98107c3",
              "parentUUID": "d7d929da-49f0-438a-be0f-1c8fd0adc953",
              "isHook": false,
              "skipped": false
            },
            {
              "title": "Search - item",
              "fullTitle": "Homepage_Testcases Search - item",
              "timedOut": null,
              "duration": 14790,
              "state": "passed",
              "speed": "slow",
              "pass": true,
              "fail": false,
              "pending": false,
              "context": null,
              "code": "hpa.search(data.searchshoes);",
              "err": {},
              "uuid": "a3502adf-bb10-45e7-a649-bb809cb9239d",
              "parentUUID": "d7d929da-49f0-438a-be0f-1c8fd0adc953",
              "isHook": false,
              "skipped": false
            },
            {
              "title": "Verify-Search Page",
              "fullTitle": "Homepage_Testcases Verify-Search Page",
              "timedOut": null,
              "duration": 1667,
              "state": "passed",
              "speed": "fast",
              "pass": true,
              "fail": false,
              "pending": false,
              "context": null,
              "code": "sspe.searchresult();",
              "err": {},
              "uuid": "e42aea33-b924-442f-a3ab-fa2fbbab6380",
              "parentUUID": "d7d929da-49f0-438a-be0f-1c8fd0adc953",
              "isHook": false,
              "skipped": false
            },
            {
              "title": "Verify-Search Filter",
              "fullTitle": "Homepage_Testcases Verify-Search Filter",
              "timedOut": null,
              "duration": 21528,
              "state": "passed",
              "speed": "slow",
              "pass": true,
              "fail": false,
              "pending": false,
              "context": null,
              "code": "sspe.SelectFilters();",
              "err": {},
              "uuid": "dee6027c-932f-4e2b-9171-e587678317b1",
              "parentUUID": "d7d929da-49f0-438a-be0f-1c8fd0adc953",
              "isHook": false,
              "skipped": false
            },
            {
              "title": "Verify-Search result Count, Number of items shown in result must be equal to count",
              "fullTitle": "Homepage_Testcases Verify-Search result Count, Number of items shown in result must be equal to count",
              "timedOut": null,
              "duration": 5459,
              "state": "passed",
              "speed": "medium",
              "pass": true,
              "fail": false,
              "pending": false,
              "context": null,
              "code": "sspe.validate_SearchresultCount();",
              "err": {},
              "uuid": "454c506c-1908-4d9b-9f12-1cdcd59ae299",
              "parentUUID": "d7d929da-49f0-438a-be0f-1c8fd0adc953",
              "isHook": false,
              "skipped": false
            },
            {
              "title": "Verify-Search result w.r.t SORTING",
              "fullTitle": "Homepage_Testcases Verify-Search result w.r.t SORTING",
              "timedOut": null,
              "duration": 640,
              "state": "passed",
              "speed": "fast",
              "pass": true,
              "fail": false,
              "pending": false,
              "context": null,
              "code": "sspe.verifysorting();\nsspe.VerifycartbeforeAdditem();",
              "err": {},
              "uuid": "0a9e012e-feb9-4911-b03b-0b17b18b00c3",
              "parentUUID": "d7d929da-49f0-438a-be0f-1c8fd0adc953",
              "isHook": false,
              "skipped": false
            },
            {
              "title": "Verify-Add to cart",
              "fullTitle": "Homepage_Testcases Verify-Add to cart",
              "timedOut": null,
              "duration": 30291,
              "state": "passed",
              "speed": "slow",
              "pass": true,
              "fail": false,
              "pending": false,
              "context": null,
              "code": "sspe.Addtocart();",
              "err": {},
              "uuid": "984099f4-ef99-4285-876c-67680f70f4ce",
              "parentUUID": "d7d929da-49f0-438a-be0f-1c8fd0adc953",
              "isHook": false,
              "skipped": false
            }
          ],
          "suites": [],
          "passes": [
            "ef989dac-fca9-4f54-833d-9f84d98107c3",
            "a3502adf-bb10-45e7-a649-bb809cb9239d",
            "e42aea33-b924-442f-a3ab-fa2fbbab6380",
            "dee6027c-932f-4e2b-9171-e587678317b1",
            "454c506c-1908-4d9b-9f12-1cdcd59ae299",
            "0a9e012e-feb9-4911-b03b-0b17b18b00c3",
            "984099f4-ef99-4285-876c-67680f70f4ce"
          ],
          "failures": [],
          "pending": [],
          "skipped": [],
          "duration": 82287,
          "root": false,
          "rootEmpty": false,
          "_timeout": 2000
        }
      ],
      "passes": [],
      "failures": [],
      "pending": [],
      "skipped": [],
      "duration": 0,
      "root": true,
      "rootEmpty": true,
      "_timeout": 2000
    },
    {
      "uuid": "54c48071-4a7d-4d27-aae5-5f5234bb5980",
      "title": "",
      "fullFile": "cypress/integration/Testcases/TC01_HomePage.spec.js",
      "file": "cypress/integration/Testcases/TC01_HomePage.spec.js",
      "beforeHooks": [],
      "afterHooks": [],
      "tests": [],
      "suites": [
        {
          "uuid": "22a55630-3a43-46ea-9d85-da9629121851",
          "title": "Homepage_Testcases",
          "fullFile": "",
          "file": "",
          "beforeHooks": [],
          "afterHooks": [],
          "tests": [
            {
              "title": "Navigate to URL - Load HomePage",
              "fullTitle": "Homepage_Testcases Navigate to URL - Load HomePage",
              "timedOut": null,
              "duration": 25750,
              "state": "passed",
              "speed": "slow",
              "pass": true,
              "fail": false,
              "pending": false,
              "context": null,
              "code": "hpa.navigateToURL();",
              "err": {},
              "uuid": "ff8c04db-5f3b-4f8c-a2b2-23063a5a099f",
              "parentUUID": "22a55630-3a43-46ea-9d85-da9629121851",
              "isHook": false,
              "skipped": false
            },
            {
              "title": "Validate Page Title must be Amazon",
              "fullTitle": "Homepage_Testcases Validate Page Title must be Amazon",
              "timedOut": null,
              "duration": 2001,
              "state": "passed",
              "speed": "fast",
              "pass": true,
              "fail": false,
              "pending": false,
              "context": null,
              "code": "hpa.validateTitle().should('include', 'Amazon');",
              "err": {},
              "uuid": "dec115a9-fc4e-48ac-bc55-d83824f3b6f4",
              "parentUUID": "22a55630-3a43-46ea-9d85-da9629121851",
              "isHook": false,
              "skipped": false
            },
            {
              "title": "Search - item",
              "fullTitle": "Homepage_Testcases Search - item",
              "timedOut": null,
              "duration": 23550,
              "state": "passed",
              "speed": "slow",
              "pass": true,
              "fail": false,
              "pending": false,
              "context": null,
              "code": "hpa.search(data.searchshoes);",
              "err": {},
              "uuid": "cd3966d9-8289-44b1-8728-e4ea7fa0935f",
              "parentUUID": "22a55630-3a43-46ea-9d85-da9629121851",
              "isHook": false,
              "skipped": false
            }
          ],
          "suites": [],
          "passes": [
            "ff8c04db-5f3b-4f8c-a2b2-23063a5a099f",
            "dec115a9-fc4e-48ac-bc55-d83824f3b6f4",
            "cd3966d9-8289-44b1-8728-e4ea7fa0935f"
          ],
          "failures": [],
          "pending": [],
          "skipped": [],
          "duration": 51301,
          "root": false,
          "rootEmpty": false,
          "_timeout": 2000
        }
      ],
      "passes": [],
      "failures": [],
      "pending": [],
      "skipped": [],
      "duration": 0,
      "root": true,
      "rootEmpty": true,
      "_timeout": 2000
    },
    {
      "uuid": "facb5d61-95f2-4706-b6f2-538000740924",
      "title": "",
      "fullFile": "cypress/integration/Testcases/TC02_SearchPage.spec.js",
      "file": "cypress/integration/Testcases/TC02_SearchPage.spec.js",
      "beforeHooks": [],
      "afterHooks": [],
      "tests": [],
      "suites": [
        {
          "uuid": "55006e5c-2570-4cda-b0a2-5c4d1b99f0e9",
          "title": "Homepage_Testcases",
          "fullFile": "",
          "file": "",
          "beforeHooks": [],
          "afterHooks": [],
          "tests": [
            {
              "title": "Navigate to URL - Load HomePage",
              "fullTitle": "Homepage_Testcases Navigate to URL - Load HomePage",
              "timedOut": null,
              "duration": 11421,
              "state": "passed",
              "speed": "slow",
              "pass": true,
              "fail": false,
              "pending": false,
              "context": null,
              "code": "hpa.navigateToURL();",
              "err": {},
              "uuid": "e3df9ea0-868c-4e60-9d50-50528af8f2f3",
              "parentUUID": "55006e5c-2570-4cda-b0a2-5c4d1b99f0e9",
              "isHook": false,
              "skipped": false
            },
            {
              "title": "Search - item",
              "fullTitle": "Homepage_Testcases Search - item",
              "timedOut": null,
              "duration": 24281,
              "state": "passed",
              "speed": "slow",
              "pass": true,
              "fail": false,
              "pending": false,
              "context": null,
              "code": "hpa.search(data.searchshoes);",
              "err": {},
              "uuid": "d7e3a094-b9e8-4ebd-8eed-bfe14f2ed154",
              "parentUUID": "55006e5c-2570-4cda-b0a2-5c4d1b99f0e9",
              "isHook": false,
              "skipped": false
            },
            {
              "title": "Verify-Search Page",
              "fullTitle": "Homepage_Testcases Verify-Search Page",
              "timedOut": null,
              "duration": 1633,
              "state": "passed",
              "speed": "fast",
              "pass": true,
              "fail": false,
              "pending": false,
              "context": null,
              "code": "sspe.searchresult();",
              "err": {},
              "uuid": "cdfb8076-1d37-4d41-8380-f787be9a8eee",
              "parentUUID": "55006e5c-2570-4cda-b0a2-5c4d1b99f0e9",
              "isHook": false,
              "skipped": false
            },
            {
              "title": "Verify-Search Filter",
              "fullTitle": "Homepage_Testcases Verify-Search Filter",
              "timedOut": null,
              "duration": 30435,
              "state": "failed",
              "speed": null,
              "pass": false,
              "fail": true,
              "pending": false,
              "context": null,
              "code": "sspe.SelectFilters();",
              "err": {
                "message": "CypressError: Timed out retrying after 4050ms: `cy.click()` failed because this element is detached from the DOM.\n\n`<span class=\"a-dropdown-prompt\">Featured</span>`\n\nCypress requires elements be attached in the DOM to interact with them.\n\nThe previous command that ran was:\n\n  > `cy.get()`\n\nThis DOM element likely became detached somewhere between the previous and current command.\n\nCommon situations why this happens:\n  - Your JS framework re-rendered asynchronously\n  - Your app code reacted to an event firing and removed the element\n\nYou typically need to re-query for the element or add 'guards' which delay Cypress from running new commands.\n\nhttps://on.cypress.io/element-has-detached-from-dom",
                "estack": "CypressError: Timed out retrying after 4050ms: `cy.click()` failed because this element is detached from the DOM.\n\n`<span class=\"a-dropdown-prompt\">Featured</span>`\n\nCypress requires elements be attached in the DOM to interact with them.\n\nThe previous command that ran was:\n\n  > `cy.get()`\n\nThis DOM element likely became detached somewhere between the previous and current command.\n\nCommon situations why this happens:\n  - Your JS framework re-rendered asynchronously\n  - Your app code reacted to an event firing and removed the element\n\nYou typically need to re-query for the element or add 'guards' which delay Cypress from running new commands.\n\nhttps://on.cypress.io/element-has-detached-from-dom\n    at $Cy.ensureAttached (https://www.amazon.in/__cypress/runner/cypress_runner.js:162664:76)\n    at runAllChecks (https://www.amazon.in/__cypress/runner/cypress_runner.js:149865:12)\n    at retryActionability (https://www.amazon.in/__cypress/runner/cypress_runner.js:149945:16)\n    at tryCatcher (https://www.amazon.in/__cypress/runner/cypress_runner.js:13196:23)\n    at Function.Promise.attempt.Promise.try (https://www.amazon.in/__cypress/runner/cypress_runner.js:10470:29)\n    at whenStable (https://www.amazon.in/__cypress/runner/cypress_runner.js:167470:63)\n    at https://www.amazon.in/__cypress/runner/cypress_runner.js:166968:14\n    at tryCatcher (https://www.amazon.in/__cypress/runner/cypress_runner.js:13196:23)\n    at Promise._settlePromiseFromHandler (https://www.amazon.in/__cypress/runner/cypress_runner.js:11131:31)\n    at Promise._settlePromise (https://www.amazon.in/__cypress/runner/cypress_runner.js:11188:18)\n    at Promise._settlePromise0 (https://www.amazon.in/__cypress/runner/cypress_runner.js:11233:10)\n    at Promise._settlePromises (https://www.amazon.in/__cypress/runner/cypress_runner.js:11313:18)\n    at Promise._fulfill (https://www.amazon.in/__cypress/runner/cypress_runner.js:11257:18)\n    at https://www.amazon.in/__cypress/runner/cypress_runner.js:12871:46\nFrom Your Spec Code:\n    at Amazon_Search_Actions.SelectFilters (https://www.amazon.in/__cypress/tests?p=cypress\\integration\\Testcases\\TC02_SearchPage.spec.js:193:24)\n    at Context.eval (https://www.amazon.in/__cypress/tests?p=cypress\\integration\\Testcases\\TC02_SearchPage.spec.js:431:10)",
                "diff": null
              },
              "uuid": "99748a6a-ec8b-4ddf-96b0-30eb4ef241c8",
              "parentUUID": "55006e5c-2570-4cda-b0a2-5c4d1b99f0e9",
              "isHook": false,
              "skipped": false
            },
            {
              "title": "Verify-Search result Count, Number of items shown in result must be equal to count",
              "fullTitle": "Homepage_Testcases Verify-Search result Count, Number of items shown in result must be equal to count",
              "timedOut": null,
              "duration": 5863,
              "state": "passed",
              "speed": "medium",
              "pass": true,
              "fail": false,
              "pending": false,
              "context": null,
              "code": "sspe.validate_SearchresultCount();",
              "err": {},
              "uuid": "c081f7c8-0422-40a9-9303-ce14390f909b",
              "parentUUID": "55006e5c-2570-4cda-b0a2-5c4d1b99f0e9",
              "isHook": false,
              "skipped": false
            },
            {
              "title": "Verify-Search result w.r.t SORTING",
              "fullTitle": "Homepage_Testcases Verify-Search result w.r.t SORTING",
              "timedOut": null,
              "duration": 6215,
              "state": "failed",
              "speed": null,
              "pass": false,
              "fail": true,
              "pending": false,
              "context": null,
              "code": "sspe.verifysorting();\nsspe.VerifycartbeforeAdditem();",
              "err": {
                "message": "AssertionError: Timed out retrying after 4000ms: Expected to find element: `span[class='celwidget slot=MAIN template=SEARCH_RESULTS widgetId=search-results_48'] span[class='a-price-whole']`, but never found it.",
                "estack": "AssertionError: Timed out retrying after 4000ms: Expected to find element: `span[class='celwidget slot=MAIN template=SEARCH_RESULTS widgetId=search-results_48'] span[class='a-price-whole']`, but never found it.\n    at Search_ShoePage_Elements.item2price (https://www.amazon.in/__cypress/tests?p=cypress\\integration\\Testcases\\TC02_SearchPage.spec.js:362:15)\n    at Amazon_Search_Actions.verifysorting (https://www.amazon.in/__cypress/tests?p=cypress\\integration\\Testcases\\TC02_SearchPage.spec.js:217:9)\n    at Context.eval (https://www.amazon.in/__cypress/tests?p=cypress\\integration\\Testcases\\TC02_SearchPage.spec.js:437:10)",
                "diff": null
              },
              "uuid": "c74a1dc5-e3e3-483f-a283-1b52ea646371",
              "parentUUID": "55006e5c-2570-4cda-b0a2-5c4d1b99f0e9",
              "isHook": false,
              "skipped": false
            },
            {
              "title": "Verify-Add to cart",
              "fullTitle": "Homepage_Testcases Verify-Add to cart",
              "timedOut": null,
              "duration": 5329,
              "state": "failed",
              "speed": null,
              "pass": false,
              "fail": true,
              "pending": false,
              "context": null,
              "code": "sspe.Addtocart();",
              "err": {
                "message": "AssertionError: Timed out retrying after 4000ms: Expected to find element: `span[class='celwidget slot=MAIN template=SEARCH_RESULTS widgetId=search-results_48'] h2[class='a-size-mini a-spacing-none a-color-base s-line-clamp-2'] > a[class='a-link-normal a-text-normal']`, but never found it.",
                "estack": "AssertionError: Timed out retrying after 4000ms: Expected to find element: `span[class='celwidget slot=MAIN template=SEARCH_RESULTS widgetId=search-results_48'] h2[class='a-size-mini a-spacing-none a-color-base s-line-clamp-2'] > a[class='a-link-normal a-text-normal']`, but never found it.\n    at Search_ShoePage_Elements.searchitemclick (https://www.amazon.in/__cypress/tests?p=cypress\\integration\\Testcases\\TC02_SearchPage.spec.js:370:15)\n    at Amazon_Search_Actions.Addtocart (https://www.amazon.in/__cypress/tests?p=cypress\\integration\\Testcases\\TC02_SearchPage.spec.js:235:9)\n    at Context.eval (https://www.amazon.in/__cypress/tests?p=cypress\\integration\\Testcases\\TC02_SearchPage.spec.js:441:10)",
                "diff": null
              },
              "uuid": "6fe0af8f-f8cc-4126-9322-56905c8d9ec9",
              "parentUUID": "55006e5c-2570-4cda-b0a2-5c4d1b99f0e9",
              "isHook": false,
              "skipped": false
            }
          ],
          "suites": [],
          "passes": [
            "e3df9ea0-868c-4e60-9d50-50528af8f2f3",
            "d7e3a094-b9e8-4ebd-8eed-bfe14f2ed154",
            "cdfb8076-1d37-4d41-8380-f787be9a8eee",
            "c081f7c8-0422-40a9-9303-ce14390f909b"
          ],
          "failures": [
            "99748a6a-ec8b-4ddf-96b0-30eb4ef241c8",
            "c74a1dc5-e3e3-483f-a283-1b52ea646371",
            "6fe0af8f-f8cc-4126-9322-56905c8d9ec9"
          ],
          "pending": [],
          "skipped": [],
          "duration": 85177,
          "root": false,
          "rootEmpty": false,
          "_timeout": 2000
        }
      ],
      "passes": [],
      "failures": [],
      "pending": [],
      "skipped": [],
      "duration": 0,
      "root": true,
      "rootEmpty": true,
      "_timeout": 2000
    },
    {
      "uuid": "c1f7fc9d-51ed-4f44-8295-2c87dcc70752",
      "title": "",
      "fullFile": "cypress/integration/Testcases/TC01_HomePage.spec.js",
      "file": "cypress/integration/Testcases/TC01_HomePage.spec.js",
      "beforeHooks": [],
      "afterHooks": [],
      "tests": [],
      "suites": [
        {
          "uuid": "8f101b1a-23d3-4077-9082-5e14fef95aad",
          "title": "Homepage_Testcases",
          "fullFile": "",
          "file": "",
          "beforeHooks": [],
          "afterHooks": [],
          "tests": [
            {
              "title": "Navigate to URL - Load HomePage",
              "fullTitle": "Homepage_Testcases Navigate to URL - Load HomePage",
              "timedOut": null,
              "duration": 8471,
              "state": "passed",
              "speed": "medium",
              "pass": true,
              "fail": false,
              "pending": false,
              "context": null,
              "code": "hpa.navigateToURL();",
              "err": {},
              "uuid": "b095210e-e574-4ace-a9e6-2b73a4b60a9c",
              "parentUUID": "8f101b1a-23d3-4077-9082-5e14fef95aad",
              "isHook": false,
              "skipped": false
            },
            {
              "title": "Validate Page Title must be Amazon",
              "fullTitle": "Homepage_Testcases Validate Page Title must be Amazon",
              "timedOut": null,
              "duration": 2157,
              "state": "passed",
              "speed": "fast",
              "pass": true,
              "fail": false,
              "pending": false,
              "context": null,
              "code": "hpa.validateTitle().should('include', 'Amazon');",
              "err": {},
              "uuid": "461629dd-3e18-42b9-8627-c055b610dbda",
              "parentUUID": "8f101b1a-23d3-4077-9082-5e14fef95aad",
              "isHook": false,
              "skipped": false
            },
            {
              "title": "Search - item",
              "fullTitle": "Homepage_Testcases Search - item",
              "timedOut": null,
              "duration": 13992,
              "state": "passed",
              "speed": "slow",
              "pass": true,
              "fail": false,
              "pending": false,
              "context": null,
              "code": "hpa.search(data.searchshoes);",
              "err": {},
              "uuid": "cc3193bd-2d37-4877-8d89-5f4d7adf46b2",
              "parentUUID": "8f101b1a-23d3-4077-9082-5e14fef95aad",
              "isHook": false,
              "skipped": false
            }
          ],
          "suites": [],
          "passes": [
            "b095210e-e574-4ace-a9e6-2b73a4b60a9c",
            "461629dd-3e18-42b9-8627-c055b610dbda",
            "cc3193bd-2d37-4877-8d89-5f4d7adf46b2"
          ],
          "failures": [],
          "pending": [],
          "skipped": [],
          "duration": 24620,
          "root": false,
          "rootEmpty": false,
          "_timeout": 2000
        }
      ],
      "passes": [],
      "failures": [],
      "pending": [],
      "skipped": [],
      "duration": 0,
      "root": true,
      "rootEmpty": true,
      "_timeout": 2000
    }
  ],
  "meta": {
    "mocha": {
      "version": "7.0.1"
    },
    "mochawesome": {
      "options": {
        "quiet": false,
        "reportFilename": "testresults",
        "saveHtml": true,
        "saveJson": true,
        "consoleReporter": "spec",
        "useInlineDiffs": false,
        "code": true
      },
      "version": "7.0.1"
    },
    "marge": {
      "options": {
        "reportDir": "cypress/reports",
        "reportFilename": "testresults",
        "overwrite": false,
        "html": true,
        "json": true,
        "charts": true
      },
      "version": "6.0.1"
    }
  }
}