{
  "stats": {
    "suites": 1,
    "tests": 3,
    "passes": 3,
    "pending": 0,
    "failures": 0,
    "start": "2021-12-16T13:58:56.489Z",
    "end": "2021-12-16T13:59:28.619Z",
    "duration": 32130,
    "testsRegistered": 3,
    "passPercent": 100,
    "pendingPercent": 0,
    "other": 0,
    "hasOther": false,
    "skipped": 0,
    "hasSkipped": false
  },
  "results": [
    {
      "uuid": "442f8282-06d2-4451-a05b-4f6108954b87",
      "title": "",
      "fullFile": "cypress/integration/Testcases/TC01_HomePage.spec.js",
      "file": "cypress/integration/Testcases/TC01_HomePage.spec.js",
      "beforeHooks": [],
      "afterHooks": [],
      "tests": [],
      "suites": [
        {
          "uuid": "693fcc9c-c82d-4e11-8f36-d05b8d831be9",
          "title": "Homepage_Testcases",
          "fullFile": "",
          "file": "",
          "beforeHooks": [],
          "afterHooks": [],
          "tests": [
            {
              "title": "Navigate to URL - Load HomePage",
              "fullTitle": "Homepage_Testcases Navigate to URL - Load HomePage",
              "timedOut": null,
              "duration": 11900,
              "state": "passed",
              "speed": "slow",
              "pass": true,
              "fail": false,
              "pending": false,
              "context": null,
              "code": "hpa.navigateToURL();",
              "err": {},
              "uuid": "b736895e-f7ff-46a0-af73-26cb6c2aa64c",
              "parentUUID": "693fcc9c-c82d-4e11-8f36-d05b8d831be9",
              "isHook": false,
              "skipped": false
            },
            {
              "title": "Validate Page Title must be Amazon",
              "fullTitle": "Homepage_Testcases Validate Page Title must be Amazon",
              "timedOut": null,
              "duration": 4238,
              "state": "passed",
              "speed": "fast",
              "pass": true,
              "fail": false,
              "pending": false,
              "context": null,
              "code": "hpa.validateTitle().should('include', 'Amazon');",
              "err": {},
              "uuid": "a711b6f7-266a-414d-8532-32f25ab274fe",
              "parentUUID": "693fcc9c-c82d-4e11-8f36-d05b8d831be9",
              "isHook": false,
              "skipped": false
            },
            {
              "title": "Search - item",
              "fullTitle": "Homepage_Testcases Search - item",
              "timedOut": null,
              "duration": 14860,
              "state": "passed",
              "speed": "slow",
              "pass": true,
              "fail": false,
              "pending": false,
              "context": null,
              "code": "hpa.search(data.searchshoes);",
              "err": {},
              "uuid": "7868817e-2f23-4a48-a12e-3cd0f1f94c4c",
              "parentUUID": "693fcc9c-c82d-4e11-8f36-d05b8d831be9",
              "isHook": false,
              "skipped": false
            }
          ],
          "suites": [],
          "passes": [
            "b736895e-f7ff-46a0-af73-26cb6c2aa64c",
            "a711b6f7-266a-414d-8532-32f25ab274fe",
            "7868817e-2f23-4a48-a12e-3cd0f1f94c4c"
          ],
          "failures": [],
          "pending": [],
          "skipped": [],
          "duration": 30998,
          "root": false,
          "rootEmpty": false,
          "_timeout": 2000
        }
      ],
      "passes": [],
      "failures": [],
      "pending": [],
      "skipped": [],
      "duration": 0,
      "root": true,
      "rootEmpty": true,
      "_timeout": 2000
    }
  ],
  "meta": {
    "mocha": {
      "version": "7.0.1"
    },
    "mochawesome": {
      "options": {
        "quiet": false,
        "reportFilename": "testresults",
        "saveHtml": true,
        "saveJson": true,
        "consoleReporter": "spec",
        "useInlineDiffs": false,
        "code": true
      },
      "version": "7.0.1"
    },
    "marge": {
      "options": {
        "reportDir": "cypress/reports",
        "reportFilename": "testresults",
        "overwrite": false,
        "html": true,
        "json": true,
        "charts": true
      },
      "version": "6.0.1"
    }
  }
}